c:\users\linzer\documents\visual studio 2015\projects\ir\irutil\debug\vc140.pdb
c:\users\linzer\documents\visual studio 2015\projects\ir\irutil\debug\vc140.idb
c:\users\linzer\documents\visual studio 2015\projects\ir\irutil\debug\astbinaryexpr.obj
c:\users\linzer\documents\visual studio 2015\projects\ir\irutil\debug\asterm.obj
c:\users\linzer\documents\visual studio 2015\projects\ir\irutil\debug\astermexpr.obj
c:\users\linzer\documents\visual studio 2015\projects\ir\irutil\debug\astexpression.obj
c:\users\linzer\documents\visual studio 2015\projects\ir\irutil\debug\astnotexpr.obj
c:\users\linzer\documents\visual studio 2015\projects\ir\irutil\debug\astunaryexpr.obj
c:\users\linzer\documents\visual studio 2015\projects\ir\irutil\debug\lexer.obj
c:\users\linzer\documents\visual studio 2015\projects\ir\irutil\debug\searchengine.obj
c:\users\linzer\documents\visual studio 2015\projects\ir\irutil\debug\astree.obj
c:\users\linzer\documents\visual studio 2015\projects\ir\irutil\debug\astandexpr.obj
c:\users\linzer\documents\visual studio 2015\projects\ir\irutil\debug\astorexpr.obj
c:\users\linzer\documents\visual studio 2015\projects\ir\irutil\debug\astparser.obj
c:\users\linzer\documents\visual studio 2015\projects\ir\irutil\debug\inverter.obj
c:\users\linzer\documents\visual studio 2015\projects\ir\debug\irutil.lib
c:\users\linzer\documents\visual studio 2015\projects\ir\debug\irutil.exp
c:\users\linzer\documents\visual studio 2015\projects\ir\debug\irutil.ilk
c:\users\linzer\documents\visual studio 2015\projects\ir\debug\irutil.dll
c:\users\linzer\documents\visual studio 2015\projects\ir\debug\irutil.pdb
c:\users\linzer\documents\visual studio 2015\projects\ir\irutil\debug\irutil.tlog\cl.command.1.tlog
c:\users\linzer\documents\visual studio 2015\projects\ir\irutil\debug\irutil.tlog\cl.read.1.tlog
c:\users\linzer\documents\visual studio 2015\projects\ir\irutil\debug\irutil.tlog\cl.write.1.tlog
c:\users\linzer\documents\visual studio 2015\projects\ir\irutil\debug\irutil.tlog\irutil.write.1u.tlog
c:\users\linzer\documents\visual studio 2015\projects\ir\irutil\debug\irutil.tlog\link.command.1.tlog
c:\users\linzer\documents\visual studio 2015\projects\ir\irutil\debug\irutil.tlog\link.read.1.tlog
c:\users\linzer\documents\visual studio 2015\projects\ir\irutil\debug\irutil.tlog\link.write.1.tlog
